Using pre-set license
Built from '2020.2/release' branch; Version is '2020.2.0f1 (3721df5a8b28) revision 3613151'; Using compiler version '192528614'; Build Type 'Release'
OS: 'Windows 10  (10.0.0) 64bit' Language: 'fr' Physical Memory: 8064 MB
BatchMode: 1, IsHumanControllingUs: 0, StartBugReporterOnCrash: 0, Is64bit: 1, IsPro: 0

 COMMAND LINE ARGUMENTS:
D:\Unity\2020.2.0f1\Editor\Unity.exe
-adb2
-batchMode
-noUpm
-name
AssetImportWorker0
-projectPath
D:/Users/thanh/New Unity Project (2)
-logFile
Logs/AssetImportWorker0.log
-srvPort
60683
Successfully changed project path to: D:/Users/thanh/New Unity Project (2)
D:/Users/thanh/New Unity Project (2)
Using Asset Import Pipeline V2.
Refreshing native plugins compatible for Editor in 50.24 ms, found 1 plugins.
Preloading 0 native plugins for Editor in 0.00 ms.
Initialize engine version: 2020.2.0f1 (3721df5a8b28)
[Subsystems] Discovering subsystems at path D:/Unity/2020.2.0f1/Editor/Data/Resources/UnitySubsystems
[Subsystems] Discovering subsystems at path D:/Users/thanh/New Unity Project (2)/Assets
GfxDevice: creating device client; threaded=0
Direct3D:
    Version:  Direct3D 11.0 [level 11.1]
    Renderer: Radeon(TM) 520 (ID=0x6660)
    Vendor:   
    VRAM:     2039 MB
    Driver:   21.19.412.1280
Initialize mono
Mono path[0] = 'D:/Unity/2020.2.0f1/Editor/Data/Managed'
Mono path[1] = 'D:/Unity/2020.2.0f1/Editor/Data/MonoBleedingEdge/lib/mono/unityjit'
Mono config path = 'D:/Unity/2020.2.0f1/Editor/Data/MonoBleedingEdge/etc'
Using monoOptions --debugger-agent=transport=dt_socket,embedding=1,server=y,suspend=n,address=127.0.0.1:56408
Begin MonoManager ReloadAssembly
Registering precompiled unity dll's ...
Register platform support module: D:/Unity/2020.2.0f1/Editor/Data/PlaybackEngines/WebGLSupport/UnityEditor.WebGL.Extensions.dll
Register platform support module: D:/Unity/2020.2.0f1/Editor/Data/PlaybackEngines/WindowsStandaloneSupport/UnityEditor.WindowsStandalone.Extensions.dll
Registered in 0.003013 seconds.
Native extension for WindowsStandalone target not found
Native extension for WebGL target not found
Refreshing native plugins compatible for Editor in 84.82 ms, found 1 plugins.
Preloading 0 native plugins for Editor in 0.00 ms.
Invoked RoslynAnalysisRunner static constructor.
RoslynAnalysisRunner will not be running.
RoslynAnalysisRunner has terminated.
Mono: successfully reloaded assembly
- Completed reload, in  8.655 seconds
Platform modules already initialized, skipping
Registering precompiled user dll's ...
Registered in 0.004732 seconds.
Begin MonoManager ReloadAssembly
Native extension for WindowsStandalone target not found
Native extension for WebGL target not found
Refreshing native plugins compatible for Editor in 85.50 ms, found 1 plugins.
Preloading 0 native plugins for Editor in 0.00 ms.
Invoked RoslynAnalysisRunner static constructor.
RoslynAnalysisRunner will not be running.
RoslynAnalysisRunner has terminated.
Mono: successfully reloaded assembly
- Completed reload, in  6.094 seconds
Platform modules already initialized, skipping
========================================================================
Worker process is ready to serve import requests
Launched and connected shader compiler UnityShaderCompiler.exe after 0.64 seconds
Refreshing native plugins compatible for Editor in 1.59 ms, found 1 plugins.
Preloading 0 native plugins for Editor in 0.00 ms.
Unloading 1812 Unused Serialized files (Serialized files now loaded: 0)
System memory in use before: 85.9 MB.
System memory in use after: 85.9 MB.

Unloading 24 unused Assets to reduce memory usage. Loaded Objects now: 2253.
Total: 5.479300 ms (FindLiveObjects: 0.487700 ms CreateObjectMapping: 0.204500 ms MarkObjects: 4.540100 ms  DeleteObjects: 0.230600 ms)

========================================================================
Received Import Request.
  path: Assets/Scripts/Collectibles/Collectible.cs
  artifactKey: Guid(817187b11011c8c488e8803ccec87bf2) Importer(815301076,1909f56bfc062723c751e8b465ee728b)
Start importing Assets/Scripts/Collectibles/Collectible.cs using Guid(817187b11011c8c488e8803ccec87bf2) Importer(815301076,1909f56bfc062723c751e8b465ee728b)  -> (artifact id: '58de02180afbfb64cdc60b5f20493858') in 5.588529 seconds
  Import took 5.654600 seconds .

========================================================================
Received Prepare
Registering precompiled user dll's ...
Registered in 0.002556 seconds.
Begin MonoManager ReloadAssembly
Native extension for WindowsStandalone target not found
Native extension for WebGL target not found
Refreshing native plugins compatible for Editor in 0.44 ms, found 1 plugins.
Preloading 0 native plugins for Editor in 0.00 ms.
Invoked RoslynAnalysisRunner static constructor.
RoslynAnalysisRunner will not be running.
RoslynAnalysisRunner has terminated.
Mono: successfully reloaded assembly
- Completed reload, in  1.734 seconds
Platform modules already initialized, skipping
Refreshing native plugins compatible for Editor in 0.40 ms, found 1 plugins.
Preloading 0 native plugins for Editor in 0.00 ms.
Unloading 1794 Unused Serialized files (Serialized files now loaded: 0)
System memory in use before: 85.0 MB.
System memory in use after: 85.0 MB.

Unloading 12 unused Assets to reduce memory usage. Loaded Objects now: 2256.
Total: 2.622700 ms (FindLiveObjects: 0.296600 ms CreateObjectMapping: 0.172300 ms MarkObjects: 2.038200 ms  DeleteObjects: 0.113700 ms)

========================================================================
Received Import Request.
  Time since last request: 63.428605 seconds.
  path: Assets/Scripts/Collectibles/Collectible.cs
  artifactKey: Guid(817187b11011c8c488e8803ccec87bf2) Importer(815301076,1909f56bfc062723c751e8b465ee728b)
Start importing Assets/Scripts/Collectibles/Collectible.cs using Guid(817187b11011c8c488e8803ccec87bf2) Importer(815301076,1909f56bfc062723c751e8b465ee728b)  -> (artifact id: 'bde34ede606a55053e1fc4accc489601') in 0.007752 seconds
  Import took 0.079116 seconds .

========================================================================
Received Import Request.
  Time since last request: 15.336879 seconds.
  path: Assets/Scripts/ScriptableObjects/Characters/Farmer.asset
  artifactKey: Guid(36d203cea4b4b814fb4aceca661dcbb5) Importer(815301076,1909f56bfc062723c751e8b465ee728b)
Start importing Assets/Scripts/ScriptableObjects/Characters/Farmer.asset using Guid(36d203cea4b4b814fb4aceca661dcbb5) Importer(815301076,1909f56bfc062723c751e8b465ee728b)  -> (artifact id: 'ecba28516ab1d6826fd4862a2341d492') in 0.020723 seconds
  Import took 0.167155 seconds .

========================================================================
Received Import Request.
  Time since last request: 0.879058 seconds.
  path: Assets/Scripts/ScriptableObjects/Characters/Merchand.asset
  artifactKey: Guid(d26c952892b62524dbf16858dd5dd38c) Importer(815301076,1909f56bfc062723c751e8b465ee728b)
Start importing Assets/Scripts/ScriptableObjects/Characters/Merchand.asset using Guid(d26c952892b62524dbf16858dd5dd38c) Importer(815301076,1909f56bfc062723c751e8b465ee728b)  -> (artifact id: '766a0a4f91b96fec5e8a55919381df6f') in 0.010915 seconds
  Import took 0.031184 seconds .

========================================================================
Received Import Request.
  Time since last request: 0.796865 seconds.
  path: Assets/Scripts/ScriptableObjects/Characters/Villager.asset
  artifactKey: Guid(e0966bc47bf7c2e44b0bd30ff737cbf5) Importer(815301076,1909f56bfc062723c751e8b465ee728b)
Start importing Assets/Scripts/ScriptableObjects/Characters/Villager.asset using Guid(e0966bc47bf7c2e44b0bd30ff737cbf5) Importer(815301076,1909f56bfc062723c751e8b465ee728b)  -> (artifact id: 'c9af0906495940eca205fd243a21464e') in 0.009695 seconds
  Import took 0.039886 seconds .

========================================================================
Received Import Request.
  Time since last request: 91.959202 seconds.
  path: Assets/Prefabs/Coins.prefab
  artifactKey: Guid(0cc108d8733bbc443a58670165ba95ff) Importer(815301076,1909f56bfc062723c751e8b465ee728b)
Start importing Assets/Prefabs/Coins.prefab using Guid(0cc108d8733bbc443a58670165ba95ff) Importer(815301076,1909f56bfc062723c751e8b465ee728b)  -> (artifact id: '8c34e9bc663bb1501526c89d3978b9e5') in 0.035525 seconds
  Import took 0.053520 seconds .

========================================================================
Received Prepare
Registering precompiled user dll's ...
Registered in 0.049640 seconds.
Begin MonoManager ReloadAssembly
Native extension for WindowsStandalone target not found
Native extension for WebGL target not found
Refreshing native plugins compatible for Editor in 0.60 ms, found 1 plugins.
Preloading 0 native plugins for Editor in 0.00 ms.
Invoked RoslynAnalysisRunner static constructor.
RoslynAnalysisRunner will not be running.
RoslynAnalysisRunner has terminated.
Mono: successfully reloaded assembly
- Completed reload, in  1.705 seconds
Platform modules already initialized, skipping
Refreshing native plugins compatible for Editor in 0.44 ms, found 1 plugins.
Preloading 0 native plugins for Editor in 0.00 ms.
Unloading 1795 Unused Serialized files (Serialized files now loaded: 0)
System memory in use before: 85.2 MB.
System memory in use after: 85.2 MB.

Unloading 12 unused Assets to reduce memory usage. Loaded Objects now: 2260.
Total: 2.563000 ms (FindLiveObjects: 0.220900 ms CreateObjectMapping: 0.066600 ms MarkObjects: 2.153900 ms  DeleteObjects: 0.118700 ms)

========================================================================
Received Import Request.
  Time since last request: 351.493235 seconds.
  path: Assets/ScriptCoin.cs
  artifactKey: Guid(6577f36b9dd09ab419c1a70b7394cdf6) Importer(815301076,1909f56bfc062723c751e8b465ee728b)
Start importing Assets/ScriptCoin.cs using Guid(6577f36b9dd09ab419c1a70b7394cdf6) Importer(815301076,1909f56bfc062723c751e8b465ee728b)  -> (artifact id: 'b4ff6c32ec4f32115d41fa0d13aa236b') in 0.008247 seconds
  Import took 0.024591 seconds .

========================================================================
Received Import Request.
  Time since last request: 178.104121 seconds.
  path: Assets/ScriptCoin.cs
  artifactKey: Guid(6577f36b9dd09ab419c1a70b7394cdf6) Importer(815301076,1909f56bfc062723c751e8b465ee728b)
Start importing Assets/ScriptCoin.cs using Guid(6577f36b9dd09ab419c1a70b7394cdf6) Importer(815301076,1909f56bfc062723c751e8b465ee728b)  -> (artifact id: '20e9b5d1ba6279305abcad62455aff71') in 0.014048 seconds
  Import took 0.060277 seconds .

========================================================================
Received Prepare
Registering precompiled user dll's ...
Registered in 0.030767 seconds.
Begin MonoManager ReloadAssembly
Native extension for WindowsStandalone target not found
Native extension for WebGL target not found
Refreshing native plugins compatible for Editor in 0.54 ms, found 1 plugins.
Preloading 0 native plugins for Editor in 0.00 ms.
Invoked RoslynAnalysisRunner static constructor.
RoslynAnalysisRunner will not be running.
RoslynAnalysisRunner has terminated.
Mono: successfully reloaded assembly
- Completed reload, in  1.047 seconds
Platform modules already initialized, skipping
Refreshing native plugins compatible for Editor in 0.64 ms, found 1 plugins.
Preloading 0 native plugins for Editor in 0.00 ms.
Unloading 1795 Unused Serialized files (Serialized files now loaded: 0)
System memory in use before: 85.4 MB.
System memory in use after: 85.4 MB.

Unloading 12 unused Assets to reduce memory usage. Loaded Objects now: 2263.
Total: 2.505300 ms (FindLiveObjects: 0.325700 ms CreateObjectMapping: 0.081800 ms MarkObjects: 1.979200 ms  DeleteObjects: 0.115700 ms)

========================================================================
Received Import Request.
  Time since last request: 1253.793614 seconds.
  path: Assets/ScriptCoin.cs
  artifactKey: Guid(6577f36b9dd09ab419c1a70b7394cdf6) Importer(815301076,1909f56bfc062723c751e8b465ee728b)
Start importing Assets/ScriptCoin.cs using Guid(6577f36b9dd09ab419c1a70b7394cdf6) Importer(815301076,1909f56bfc062723c751e8b465ee728b)  -> (artifact id: '52b62763f41235fe15255478432e1161') in 0.009011 seconds
  Import took 0.041415 seconds .

========================================================================
Received Prepare
Registering precompiled user dll's ...
Registered in 0.001906 seconds.
Begin MonoManager ReloadAssembly
Native extension for WindowsStandalone target not found
Native extension for WebGL target not found
Refreshing native plugins compatible for Editor in 0.63 ms, found 1 plugins.
Preloading 0 native plugins for Editor in 0.00 ms.
Invoked RoslynAnalysisRunner static constructor.
RoslynAnalysisRunner will not be running.
RoslynAnalysisRunner has terminated.
Mono: successfully reloaded assembly
- Completed reload, in  1.347 seconds
Platform modules already initialized, skipping
Refreshing native plugins compatible for Editor in 0.41 ms, found 1 plugins.
Preloading 0 native plugins for Editor in 0.00 ms.
Unloading 1795 Unused Serialized files (Serialized files now loaded: 0)
System memory in use before: 85.5 MB.
System memory in use after: 85.5 MB.

Unloading 12 unused Assets to reduce memory usage. Loaded Objects now: 2266.
Total: 5.749100 ms (FindLiveObjects: 0.578800 ms CreateObjectMapping: 0.340900 ms MarkObjects: 4.667800 ms  DeleteObjects: 0.157900 ms)

AssetImportWorkerClient::OnTransportError - code=2 error=End of file
