Using pre-set license
Built from '2020.2/release' branch; Version is '2020.2.0f1 (3721df5a8b28) revision 3613151'; Using compiler version '192528614'; Build Type 'Release'
OS: 'Windows 10  (10.0.0) 64bit' Language: 'fr' Physical Memory: 8064 MB
BatchMode: 1, IsHumanControllingUs: 0, StartBugReporterOnCrash: 0, Is64bit: 1, IsPro: 0

 COMMAND LINE ARGUMENTS:
D:\Unity\2020.2.0f1\Editor\Unity.exe
-adb2
-batchMode
-noUpm
-name
AssetImportWorker0
-projectPath
D:/Users/thanh/New Unity Project (2)
-logFile
Logs/AssetImportWorker0.log
-srvPort
49646
Successfully changed project path to: D:/Users/thanh/New Unity Project (2)
D:/Users/thanh/New Unity Project (2)
Using Asset Import Pipeline V2.
Refreshing native plugins compatible for Editor in 65.11 ms, found 1 plugins.
Preloading 0 native plugins for Editor in 0.00 ms.
Initialize engine version: 2020.2.0f1 (3721df5a8b28)
[Subsystems] Discovering subsystems at path D:/Unity/2020.2.0f1/Editor/Data/Resources/UnitySubsystems
[Subsystems] Discovering subsystems at path D:/Users/thanh/New Unity Project (2)/Assets
GfxDevice: creating device client; threaded=0
Direct3D:
    Version:  Direct3D 11.0 [level 11.1]
    Renderer: Radeon(TM) 520 (ID=0x6660)
    Vendor:   
    VRAM:     2039 MB
    Driver:   21.19.412.1280
Initialize mono
Mono path[0] = 'D:/Unity/2020.2.0f1/Editor/Data/Managed'
Mono path[1] = 'D:/Unity/2020.2.0f1/Editor/Data/MonoBleedingEdge/lib/mono/unityjit'
Mono config path = 'D:/Unity/2020.2.0f1/Editor/Data/MonoBleedingEdge/etc'
Using monoOptions --debugger-agent=transport=dt_socket,embedding=1,server=y,suspend=n,address=127.0.0.1:56164
Begin MonoManager ReloadAssembly
Registering precompiled unity dll's ...
Register platform support module: D:/Unity/2020.2.0f1/Editor/Data/PlaybackEngines/WebGLSupport/UnityEditor.WebGL.Extensions.dll
Register platform support module: D:/Unity/2020.2.0f1/Editor/Data/PlaybackEngines/WindowsStandaloneSupport/UnityEditor.WindowsStandalone.Extensions.dll
Registered in 0.002597 seconds.
Native extension for WindowsStandalone target not found
Native extension for WebGL target not found
Refreshing native plugins compatible for Editor in 45.59 ms, found 1 plugins.
Preloading 0 native plugins for Editor in 0.00 ms.
Invoked RoslynAnalysisRunner static constructor.
RoslynAnalysisRunner will not be running.
RoslynAnalysisRunner has terminated.
Mono: successfully reloaded assembly
- Completed reload, in  4.834 seconds
Platform modules already initialized, skipping
Registering precompiled user dll's ...
Registered in 0.001993 seconds.
Begin MonoManager ReloadAssembly
Native extension for WindowsStandalone target not found
Native extension for WebGL target not found
Refreshing native plugins compatible for Editor in 46.67 ms, found 1 plugins.
Preloading 0 native plugins for Editor in 0.00 ms.
Invoked RoslynAnalysisRunner static constructor.
RoslynAnalysisRunner will not be running.
RoslynAnalysisRunner has terminated.
Mono: successfully reloaded assembly
- Completed reload, in  1.277 seconds
Platform modules already initialized, skipping
========================================================================
Worker process is ready to serve import requests
Launched and connected shader compiler UnityShaderCompiler.exe after 0.07 seconds
Refreshing native plugins compatible for Editor in 0.49 ms, found 1 plugins.
Preloading 0 native plugins for Editor in 0.00 ms.
Unloading 1813 Unused Serialized files (Serialized files now loaded: 0)
System memory in use before: 86.0 MB.
System memory in use after: 85.9 MB.

Unloading 24 unused Assets to reduce memory usage. Loaded Objects now: 2254.
Total: 2.412200 ms (FindLiveObjects: 0.272400 ms CreateObjectMapping: 0.123700 ms MarkObjects: 1.883400 ms  DeleteObjects: 0.130000 ms)

========================================================================
Received Import Request.
  path: Assets/Prefabs/Coins.prefab
  artifactKey: Guid(0cc108d8733bbc443a58670165ba95ff) Importer(815301076,1909f56bfc062723c751e8b465ee728b)
Start importing Assets/Prefabs/Coins.prefab using Guid(0cc108d8733bbc443a58670165ba95ff) Importer(815301076,1909f56bfc062723c751e8b465ee728b)  -> (artifact id: 'e44e4f3ed923ba29de270fc777966bdf') in 0.153528 seconds
  Import took 0.226554 seconds .

========================================================================
Received Prepare
Refreshing native plugins compatible for Editor in 3.43 ms, found 1 plugins.
Preloading 0 native plugins for Editor in 0.00 ms.
Unloading 10 Unused Serialized files (Serialized files now loaded: 0)
System memory in use before: 49.6 MB.
System memory in use after: 49.6 MB.

Unloading 10 unused Assets to reduce memory usage. Loaded Objects now: 2254.
Total: 3.634700 ms (FindLiveObjects: 0.245300 ms CreateObjectMapping: 0.107800 ms MarkObjects: 3.163800 ms  DeleteObjects: 0.115200 ms)

========================================================================
Received Import Request.
  Time since last request: 439.578646 seconds.
  path: Assets/Texture/small_metal_spike.png
  artifactKey: Guid(a300ead6ec4611440babd3f57defe75e) Importer(815301076,1909f56bfc062723c751e8b465ee728b)
Start importing Assets/Texture/small_metal_spike.png using Guid(a300ead6ec4611440babd3f57defe75e) Importer(815301076,1909f56bfc062723c751e8b465ee728b)  -> (artifact id: 'ad70eee1472cd63305dac6411f022ecf') in 0.220123 seconds
  Import took 0.247173 seconds .

========================================================================
Received Import Request.
  Time since last request: 43.389832 seconds.
  path: Assets/Texture/small_metal_spike.png
  artifactKey: Guid(a300ead6ec4611440babd3f57defe75e) Importer(815301076,1909f56bfc062723c751e8b465ee728b)
Start importing Assets/Texture/small_metal_spike.png using Guid(a300ead6ec4611440babd3f57defe75e) Importer(815301076,1909f56bfc062723c751e8b465ee728b)  -> (artifact id: 'b3ed3b34ee0762323dc36f1a193c7df5') in 0.012483 seconds
  Import took 0.056685 seconds .

========================================================================
Received Import Request.
  Time since last request: 13.809401 seconds.
  path: Assets/Texture/small_metal_spike.png
  artifactKey: Guid(a300ead6ec4611440babd3f57defe75e) Importer(815301076,1909f56bfc062723c751e8b465ee728b)
Start importing Assets/Texture/small_metal_spike.png using Guid(a300ead6ec4611440babd3f57defe75e) Importer(815301076,1909f56bfc062723c751e8b465ee728b)  -> (artifact id: '510d652f85e45673d677b99b99a4d0a1') in 0.017657 seconds
  Import took 0.033539 seconds .

========================================================================
Received Import Request.
  Time since last request: 40.527186 seconds.
  path: Assets/Texture/small_metal_spike.png
  artifactKey: Guid(a300ead6ec4611440babd3f57defe75e) Importer(815301076,1909f56bfc062723c751e8b465ee728b)
Start importing Assets/Texture/small_metal_spike.png using Guid(a300ead6ec4611440babd3f57defe75e) Importer(815301076,1909f56bfc062723c751e8b465ee728b)  -> (artifact id: '837a8a194e54775b94eec5cafc205688') in 0.016362 seconds
  Import took 0.046750 seconds .

========================================================================
Received Import Request.
  Time since last request: 9.159586 seconds.
  path: Assets/Texture/small_metal_spike.png
  artifactKey: Guid(a300ead6ec4611440babd3f57defe75e) Importer(815301076,1909f56bfc062723c751e8b465ee728b)
Start importing Assets/Texture/small_metal_spike.png using Guid(a300ead6ec4611440babd3f57defe75e) Importer(815301076,1909f56bfc062723c751e8b465ee728b)  -> (artifact id: '4bb205a816fa047aa0029d10593fb350') in 0.018602 seconds
  Import took 0.035417 seconds .

========================================================================
Received Import Request.
  Time since last request: 21.194437 seconds.
  path: Assets/Texture/small_metal_spike.png
  artifactKey: Guid(a300ead6ec4611440babd3f57defe75e) Importer(815301076,1909f56bfc062723c751e8b465ee728b)
Start importing Assets/Texture/small_metal_spike.png using Guid(a300ead6ec4611440babd3f57defe75e) Importer(815301076,1909f56bfc062723c751e8b465ee728b)  -> (artifact id: 'fc443071f519b8a384edf6bce81cddbc') in 0.015970 seconds
  Import took 0.032468 seconds .

========================================================================
Received Import Request.
  Time since last request: 0.016543 seconds.
  path: Assets/Texture/small_metal_spike.png
  artifactKey: Guid(a300ead6ec4611440babd3f57defe75e) Importer(815301076,1909f56bfc062723c751e8b465ee728b)
Start importing Assets/Texture/small_metal_spike.png using Guid(a300ead6ec4611440babd3f57defe75e) Importer(815301076,1909f56bfc062723c751e8b465ee728b)  -> (artifact id: 'fc443071f519b8a384edf6bce81cddbc') in 0.017488 seconds
  Import took 0.024064 seconds .

========================================================================
Received Import Request.
  Time since last request: 5.860379 seconds.
  path: Assets/Texture/small_metal_spike.png
  artifactKey: Guid(a300ead6ec4611440babd3f57defe75e) Importer(815301076,1909f56bfc062723c751e8b465ee728b)
Start importing Assets/Texture/small_metal_spike.png using Guid(a300ead6ec4611440babd3f57defe75e) Importer(815301076,1909f56bfc062723c751e8b465ee728b)  -> (artifact id: 'e1b1ec1dc00f5667175c975a3d5eb896') in 0.019784 seconds
  Import took 0.043106 seconds .

========================================================================
Received Prepare
Registering precompiled user dll's ...
Registered in 0.004587 seconds.
Begin MonoManager ReloadAssembly
Native extension for WindowsStandalone target not found
Native extension for WebGL target not found
Refreshing native plugins compatible for Editor in 1.52 ms, found 1 plugins.
Preloading 0 native plugins for Editor in 0.00 ms.
Invoked RoslynAnalysisRunner static constructor.
RoslynAnalysisRunner will not be running.
RoslynAnalysisRunner has terminated.
Mono: successfully reloaded assembly
- Completed reload, in  2.297 seconds
Platform modules already initialized, skipping
Refreshing native plugins compatible for Editor in 0.80 ms, found 1 plugins.
Preloading 0 native plugins for Editor in 0.00 ms.
Unloading 1795 Unused Serialized files (Serialized files now loaded: 0)
System memory in use before: 88.3 MB.
System memory in use after: 88.3 MB.

Unloading 12 unused Assets to reduce memory usage. Loaded Objects now: 2263.
Total: 3.976000 ms (FindLiveObjects: 0.477400 ms CreateObjectMapping: 0.250100 ms MarkObjects: 3.065900 ms  DeleteObjects: 0.179200 ms)

========================================================================
Received Import Request.
  Time since last request: 576.767113 seconds.
  path: Assets/Traps.cs
  artifactKey: Guid(0df884353f9507a4d8a148f3448b0904) Importer(815301076,1909f56bfc062723c751e8b465ee728b)
Start importing Assets/Traps.cs using Guid(0df884353f9507a4d8a148f3448b0904) Importer(815301076,1909f56bfc062723c751e8b465ee728b)  -> (artifact id: '84b3f96166ab9c6ca9acf8d255447f9f') in 0.065677 seconds
  Import took 0.094571 seconds .

========================================================================
Received Prepare
Registering precompiled user dll's ...
Registered in 0.002483 seconds.
Begin MonoManager ReloadAssembly
Native extension for WindowsStandalone target not found
Native extension for WebGL target not found
Refreshing native plugins compatible for Editor in 0.62 ms, found 1 plugins.
Preloading 0 native plugins for Editor in 0.00 ms.
Invoked RoslynAnalysisRunner static constructor.
RoslynAnalysisRunner will not be running.
RoslynAnalysisRunner has terminated.
Mono: successfully reloaded assembly
- Completed reload, in  1.263 seconds
Platform modules already initialized, skipping
Refreshing native plugins compatible for Editor in 0.46 ms, found 1 plugins.
Preloading 0 native plugins for Editor in 0.00 ms.
Unloading 1795 Unused Serialized files (Serialized files now loaded: 0)
System memory in use before: 88.5 MB.
System memory in use after: 88.5 MB.

Unloading 13 unused Assets to reduce memory usage. Loaded Objects now: 2266.
Total: 2.493000 ms (FindLiveObjects: 0.279800 ms CreateObjectMapping: 0.100400 ms MarkObjects: 1.992400 ms  DeleteObjects: 0.118100 ms)

========================================================================
Received Prepare
Registering precompiled user dll's ...
Registered in 0.001880 seconds.
Begin MonoManager ReloadAssembly
Native extension for WindowsStandalone target not found
Native extension for WebGL target not found
Refreshing native plugins compatible for Editor in 1.88 ms, found 1 plugins.
Preloading 0 native plugins for Editor in 0.00 ms.
Invoked RoslynAnalysisRunner static constructor.
RoslynAnalysisRunner will not be running.
RoslynAnalysisRunner has terminated.
Mono: successfully reloaded assembly
- Completed reload, in  2.378 seconds
Platform modules already initialized, skipping
Refreshing native plugins compatible for Editor in 0.51 ms, found 1 plugins.
Preloading 0 native plugins for Editor in 0.00 ms.
Unloading 1795 Unused Serialized files (Serialized files now loaded: 0)
System memory in use before: 88.6 MB.
System memory in use after: 88.6 MB.

Unloading 12 unused Assets to reduce memory usage. Loaded Objects now: 2269.
Total: 12.700000 ms (FindLiveObjects: 7.961500 ms CreateObjectMapping: 0.513700 ms MarkObjects: 3.341900 ms  DeleteObjects: 0.880500 ms)

========================================================================
Received Import Request.
  Time since last request: 280.031080 seconds.
  path: Assets/Scripts/ScriptableObjects/Characters/Character.cs
  artifactKey: Guid(f20b5a1ca58c7d942b695228fb0f68a1) Importer(815301076,1909f56bfc062723c751e8b465ee728b)
Start importing Assets/Scripts/ScriptableObjects/Characters/Character.cs using Guid(f20b5a1ca58c7d942b695228fb0f68a1) Importer(815301076,1909f56bfc062723c751e8b465ee728b)  -> (artifact id: '6521ee04a61d52544e2524b6dc05be82') in 0.013035 seconds
  Import took 0.050449 seconds .

========================================================================
Received Prepare
Registering precompiled user dll's ...
Registered in 0.023369 seconds.
Begin MonoManager ReloadAssembly
Native extension for WindowsStandalone target not found
Native extension for WebGL target not found
Refreshing native plugins compatible for Editor in 0.41 ms, found 1 plugins.
Preloading 0 native plugins for Editor in 0.00 ms.
Invoked RoslynAnalysisRunner static constructor.
RoslynAnalysisRunner will not be running.
RoslynAnalysisRunner has terminated.
Mono: successfully reloaded assembly
- Completed reload, in  1.261 seconds
Platform modules already initialized, skipping
Refreshing native plugins compatible for Editor in 1.14 ms, found 1 plugins.
Preloading 0 native plugins for Editor in 0.00 ms.
Unloading 1795 Unused Serialized files (Serialized files now loaded: 0)
System memory in use before: 88.8 MB.
System memory in use after: 88.8 MB.

Unloading 12 unused Assets to reduce memory usage. Loaded Objects now: 2272.
Total: 4.128500 ms (FindLiveObjects: 0.491700 ms CreateObjectMapping: 0.095100 ms MarkObjects: 3.306800 ms  DeleteObjects: 0.230400 ms)

========================================================================
Received Prepare
Registering precompiled user dll's ...
Registered in 0.002185 seconds.
Begin MonoManager ReloadAssembly
Native extension for WindowsStandalone target not found
Native extension for WebGL target not found
Refreshing native plugins compatible for Editor in 0.44 ms, found 1 plugins.
Preloading 0 native plugins for Editor in 0.00 ms.
Invoked RoslynAnalysisRunner static constructor.
RoslynAnalysisRunner will not be running.
RoslynAnalysisRunner has terminated.
Mono: successfully reloaded assembly
- Completed reload, in  1.253 seconds
Platform modules already initialized, skipping
Refreshing native plugins compatible for Editor in 0.49 ms, found 1 plugins.
Preloading 0 native plugins for Editor in 0.00 ms.
Unloading 1795 Unused Serialized files (Serialized files now loaded: 0)
System memory in use before: 88.9 MB.
System memory in use after: 88.9 MB.

Unloading 12 unused Assets to reduce memory usage. Loaded Objects now: 2275.
Total: 4.769500 ms (FindLiveObjects: 1.002600 ms CreateObjectMapping: 0.244000 ms MarkObjects: 3.258300 ms  DeleteObjects: 0.261100 ms)

========================================================================
Received Prepare
Registering precompiled user dll's ...
Registered in 0.002379 seconds.
Begin MonoManager ReloadAssembly
Native extension for WindowsStandalone target not found
Native extension for WebGL target not found
Refreshing native plugins compatible for Editor in 0.56 ms, found 1 plugins.
Preloading 0 native plugins for Editor in 0.00 ms.
Invoked RoslynAnalysisRunner static constructor.
RoslynAnalysisRunner will not be running.
RoslynAnalysisRunner has terminated.
Mono: successfully reloaded assembly
- Completed reload, in  1.245 seconds
Platform modules already initialized, skipping
Refreshing native plugins compatible for Editor in 0.40 ms, found 1 plugins.
Preloading 0 native plugins for Editor in 0.00 ms.
Unloading 1795 Unused Serialized files (Serialized files now loaded: 0)
System memory in use before: 89.1 MB.
System memory in use after: 89.1 MB.

Unloading 12 unused Assets to reduce memory usage. Loaded Objects now: 2278.
Total: 2.868000 ms (FindLiveObjects: 0.231200 ms CreateObjectMapping: 0.095600 ms MarkObjects: 2.412000 ms  DeleteObjects: 0.127100 ms)

========================================================================
Received Prepare
Registering precompiled user dll's ...
Registered in 0.002501 seconds.
Begin MonoManager ReloadAssembly
Native extension for WindowsStandalone target not found
Native extension for WebGL target not found
Refreshing native plugins compatible for Editor in 0.75 ms, found 1 plugins.
Preloading 0 native plugins for Editor in 0.00 ms.
Invoked RoslynAnalysisRunner static constructor.
RoslynAnalysisRunner will not be running.
RoslynAnalysisRunner has terminated.
Mono: successfully reloaded assembly
- Completed reload, in  2.333 seconds
Platform modules already initialized, skipping
Refreshing native plugins compatible for Editor in 0.97 ms, found 1 plugins.
Preloading 0 native plugins for Editor in 0.00 ms.
Unloading 1795 Unused Serialized files (Serialized files now loaded: 0)
System memory in use before: 89.3 MB.
System memory in use after: 89.3 MB.

Unloading 12 unused Assets to reduce memory usage. Loaded Objects now: 2281.
Total: 3.552500 ms (FindLiveObjects: 0.368800 ms CreateObjectMapping: 0.148300 ms MarkObjects: 2.873200 ms  DeleteObjects: 0.159700 ms)

========================================================================
Received Prepare
Registering precompiled user dll's ...
Registered in 0.002600 seconds.
Begin MonoManager ReloadAssembly
Native extension for WindowsStandalone target not found
Native extension for WebGL target not found
Refreshing native plugins compatible for Editor in 0.67 ms, found 1 plugins.
Preloading 0 native plugins for Editor in 0.00 ms.
Invoked RoslynAnalysisRunner static constructor.
RoslynAnalysisRunner will not be running.
RoslynAnalysisRunner has terminated.
Mono: successfully reloaded assembly
- Completed reload, in  1.242 seconds
Platform modules already initialized, skipping
Refreshing native plugins compatible for Editor in 0.60 ms, found 1 plugins.
Preloading 0 native plugins for Editor in 0.00 ms.
Unloading 1795 Unused Serialized files (Serialized files now loaded: 0)
System memory in use before: 89.4 MB.
System memory in use after: 89.4 MB.

Unloading 12 unused Assets to reduce memory usage. Loaded Objects now: 2284.
Total: 3.410000 ms (FindLiveObjects: 0.234500 ms CreateObjectMapping: 0.099200 ms MarkObjects: 2.947600 ms  DeleteObjects: 0.126400 ms)

========================================================================
Received Prepare
Registering precompiled user dll's ...
Registered in 0.004673 seconds.
Begin MonoManager ReloadAssembly
Native extension for WindowsStandalone target not found
Native extension for WebGL target not found
Refreshing native plugins compatible for Editor in 1.50 ms, found 1 plugins.
Preloading 0 native plugins for Editor in 0.00 ms.
Invoked RoslynAnalysisRunner static constructor.
RoslynAnalysisRunner will not be running.
RoslynAnalysisRunner has terminated.
Mono: successfully reloaded assembly
- Completed reload, in  2.213 seconds
Platform modules already initialized, skipping
Refreshing native plugins compatible for Editor in 0.78 ms, found 1 plugins.
Preloading 0 native plugins for Editor in 0.00 ms.
Unloading 1795 Unused Serialized files (Serialized files now loaded: 0)
System memory in use before: 89.6 MB.
System memory in use after: 89.6 MB.

Unloading 12 unused Assets to reduce memory usage. Loaded Objects now: 2287.
Total: 4.312500 ms (FindLiveObjects: 0.422300 ms CreateObjectMapping: 0.313200 ms MarkObjects: 3.454600 ms  DeleteObjects: 0.119500 ms)

========================================================================
Received Prepare
Registering precompiled user dll's ...
Registered in 0.003291 seconds.
Begin MonoManager ReloadAssembly
Native extension for WindowsStandalone target not found
Native extension for WebGL target not found
Refreshing native plugins compatible for Editor in 0.65 ms, found 1 plugins.
Preloading 0 native plugins for Editor in 0.00 ms.
Invoked RoslynAnalysisRunner static constructor.
RoslynAnalysisRunner will not be running.
RoslynAnalysisRunner has terminated.
Mono: successfully reloaded assembly
- Completed reload, in  1.903 seconds
Platform modules already initialized, skipping
Refreshing native plugins compatible for Editor in 0.44 ms, found 1 plugins.
Preloading 0 native plugins for Editor in 0.00 ms.
Unloading 1795 Unused Serialized files (Serialized files now loaded: 0)
System memory in use before: 89.8 MB.
System memory in use after: 89.8 MB.

Unloading 12 unused Assets to reduce memory usage. Loaded Objects now: 2290.
Total: 3.712800 ms (FindLiveObjects: 0.392500 ms CreateObjectMapping: 0.165000 ms MarkObjects: 3.025000 ms  DeleteObjects: 0.125500 ms)

========================================================================
Received Prepare
Registering precompiled user dll's ...
Registered in 0.002155 seconds.
Begin MonoManager ReloadAssembly
Native extension for WindowsStandalone target not found
Native extension for WebGL target not found
Refreshing native plugins compatible for Editor in 0.52 ms, found 1 plugins.
Preloading 0 native plugins for Editor in 0.00 ms.
Invoked RoslynAnalysisRunner static constructor.
RoslynAnalysisRunner will not be running.
RoslynAnalysisRunner has terminated.
Mono: successfully reloaded assembly
- Completed reload, in  1.882 seconds
Platform modules already initialized, skipping
Refreshing native plugins compatible for Editor in 0.85 ms, found 1 plugins.
Preloading 0 native plugins for Editor in 0.00 ms.
Unloading 1795 Unused Serialized files (Serialized files now loaded: 0)
System memory in use before: 89.9 MB.
System memory in use after: 89.9 MB.

Unloading 12 unused Assets to reduce memory usage. Loaded Objects now: 2293.
Total: 4.557600 ms (FindLiveObjects: 0.378100 ms CreateObjectMapping: 0.139500 ms MarkObjects: 3.854700 ms  DeleteObjects: 0.182800 ms)

========================================================================
Received Prepare
Registering precompiled user dll's ...
Registered in 0.002217 seconds.
Begin MonoManager ReloadAssembly
Native extension for WindowsStandalone target not found
Native extension for WebGL target not found
Refreshing native plugins compatible for Editor in 0.74 ms, found 1 plugins.
Preloading 0 native plugins for Editor in 0.00 ms.
Invoked RoslynAnalysisRunner static constructor.
RoslynAnalysisRunner will not be running.
RoslynAnalysisRunner has terminated.
Mono: successfully reloaded assembly
- Completed reload, in  1.232 seconds
Platform modules already initialized, skipping
Refreshing native plugins compatible for Editor in 0.41 ms, found 1 plugins.
Preloading 0 native plugins for Editor in 0.00 ms.
Unloading 1795 Unused Serialized files (Serialized files now loaded: 0)
System memory in use before: 90.0 MB.
System memory in use after: 90.0 MB.

Unloading 12 unused Assets to reduce memory usage. Loaded Objects now: 2296.
Total: 3.569500 ms (FindLiveObjects: 0.240300 ms CreateObjectMapping: 0.098200 ms MarkObjects: 3.056000 ms  DeleteObjects: 0.172200 ms)

========================================================================
Received Prepare
Registering precompiled user dll's ...
Registered in 0.001950 seconds.
Begin MonoManager ReloadAssembly
Native extension for WindowsStandalone target not found
Native extension for WebGL target not found
Refreshing native plugins compatible for Editor in 0.41 ms, found 1 plugins.
Preloading 0 native plugins for Editor in 0.00 ms.
Invoked RoslynAnalysisRunner static constructor.
RoslynAnalysisRunner will not be running.
RoslynAnalysisRunner has terminated.
Mono: successfully reloaded assembly
- Completed reload, in  1.171 seconds
Platform modules already initialized, skipping
Refreshing native plugins compatible for Editor in 0.64 ms, found 1 plugins.
Preloading 0 native plugins for Editor in 0.00 ms.
Unloading 1795 Unused Serialized files (Serialized files now loaded: 0)
System memory in use before: 89.2 MB.
System memory in use after: 89.2 MB.

Unloading 12 unused Assets to reduce memory usage. Loaded Objects now: 2299.
Total: 3.411900 ms (FindLiveObjects: 0.439300 ms CreateObjectMapping: 0.148400 ms MarkObjects: 2.644400 ms  DeleteObjects: 0.177300 ms)

========================================================================
Received Prepare
Registering precompiled user dll's ...
Registered in 0.001918 seconds.
Begin MonoManager ReloadAssembly
Native extension for WindowsStandalone target not found
Native extension for WebGL target not found
Refreshing native plugins compatible for Editor in 0.46 ms, found 1 plugins.
Preloading 0 native plugins for Editor in 0.00 ms.
Invoked RoslynAnalysisRunner static constructor.
RoslynAnalysisRunner will not be running.
RoslynAnalysisRunner has terminated.
Mono: successfully reloaded assembly
- Completed reload, in  1.405 seconds
Platform modules already initialized, skipping
Refreshing native plugins compatible for Editor in 0.46 ms, found 1 plugins.
Preloading 0 native plugins for Editor in 0.00 ms.
Unloading 1795 Unused Serialized files (Serialized files now loaded: 0)
System memory in use before: 89.4 MB.
System memory in use after: 89.4 MB.

Unloading 12 unused Assets to reduce memory usage. Loaded Objects now: 2302.
Total: 3.567100 ms (FindLiveObjects: 0.580600 ms CreateObjectMapping: 0.237200 ms MarkObjects: 2.602500 ms  DeleteObjects: 0.143700 ms)

AssetImportWorkerClient::OnTransportError - code=2 error=End of file
